<?xml version="1.0" encoding="UTF-8"?>
<!-- Generated by org.testng.reporters.JUnitXMLReporter -->
<testsuite hostname="ICPL12103" name="Test" tests="1" failures="1" timestamp="28 Dec 2016 12:23:05 GMT" time="21.891" errors="0">
  <testcase name="run_cukes" time="21.875" classname="com.test.Runner">
    <failure type="cucumber.runtime.CucumberException" message="java.lang.NullPointerException">
      <![CDATA[cucumber.runtime.CucumberException: java.lang.NullPointerException
	at cucumber.api.testng.TestNGCucumberRunner.runCukes(TestNGCucumberRunner.java:48)
	at cucumber.api.testng.AbstractTestNGCucumberTests.run_cukes(AbstractTestNGCucumberTests.java:14)
	at cucumber.api.testng.AbstractTestNGCucumberTests.run(AbstractTestNGCucumberTests.java:19)
Caused by: java.lang.NullPointerException
	at com.test.StepDef.AddDetails(StepDef.java:58)
	at ✽.When user Adds a contact using name, mobile and email(src/com/test/Test.feature:7)
... Removed 27 stack frames]]>
    </failure>
  </testcase> <!-- run_cukes -->
</testsuite> <!-- Test -->
