<?xml version="1.0" encoding="UTF-8"?>
<testng-results skipped="0" failed="0" total="1" passed="1">
  <reporter-output>
    <line>
      <![CDATA[<div "featureFile">Feature File: src&#x2F;com&#x2F;test&#x2F;Test.feature</div>]]>
    </line>
    <line>
      <![CDATA[<div "feature">Feature: contact</div>]]>
    </line>
    <line>
      <![CDATA[<div "scenario">Scenario: Verify user is able to Add contact</div>]]>
    </line>
    <line>
      <![CDATA[<div "result">Given  User is landed on App Home page (passed : 0s)</div>]]>
    </line>
    <line>
      <![CDATA[<div "result">When  user taps on Add contact button (passed : 0s)</div>]]>
    </line>
    <line>
      <![CDATA[<div "result">Then  user navigates to Add contact page (passed : 0s)</div>]]>
    </line>
    <line>
      <![CDATA[<div "result">When  user Adds a contact using name &quot;monu&quot;, mobile &quot;87467577578&quot; and email &quot;asgd@v.com&quot; (passed : 19s)</div>]]>
    </line>
    <line>
      <![CDATA[<div "result">Then  verify the name &quot;monu&quot; under the list (passed : 2s)</div>]]>
    </line>
  </reporter-output>
  <suite name="Suite1" duration-ms="46794" started-at="2017-01-25T09:28:10Z" finished-at="2017-01-25T09:28:57Z">
    <groups>
      <group name="cucumber">
        <method signature="AbstractTestNGCucumberTests.run_cukes()[pri:0, instance:com.test.Runner@4590c9c3]" name="run_cukes" class="cucumber.api.testng.AbstractTestNGCucumberTests"/>
      </group> <!-- cucumber -->
    </groups>
    <test name="Test" duration-ms="46794" started-at="2017-01-25T09:28:10Z" finished-at="2017-01-25T09:28:57Z">
      <class name="com.test.Runner">
        <test-method status="PASS" signature="run_cukes()[pri:0, instance:com.test.Runner@4590c9c3]" name="run_cukes" duration-ms="46794" started-at="2017-01-25T14:58:10Z" description="Runs Cucumber Features" finished-at="2017-01-25T14:58:57Z">
          <reporter-output>
            <line>
              <![CDATA[<div "featureFile">Feature File: src&#x2F;com&#x2F;test&#x2F;Test.feature</div>]]>
            </line>
            <line>
              <![CDATA[<div "feature">Feature: contact</div>]]>
            </line>
            <line>
              <![CDATA[<div "scenario">Scenario: Verify user is able to Add contact</div>]]>
            </line>
            <line>
              <![CDATA[<div "result">Given  User is landed on App Home page (passed : 0s)</div>]]>
            </line>
            <line>
              <![CDATA[<div "result">When  user taps on Add contact button (passed : 0s)</div>]]>
            </line>
            <line>
              <![CDATA[<div "result">Then  user navigates to Add contact page (passed : 0s)</div>]]>
            </line>
            <line>
              <![CDATA[<div "result">When  user Adds a contact using name &quot;monu&quot;, mobile &quot;87467577578&quot; and email &quot;asgd@v.com&quot; (passed : 19s)</div>]]>
            </line>
            <line>
              <![CDATA[<div "result">Then  verify the name &quot;monu&quot; under the list (passed : 2s)</div>]]>
            </line>
          </reporter-output>
        </test-method> <!-- run_cukes -->
      </class> <!-- com.test.Runner -->
    </test> <!-- Test -->
  </suite> <!-- Suite1 -->
</testng-results>
